-------------------------------------------------------------------------------
Test set: com.example.swagger3.Swagger3ApplicationTests
-------------------------------------------------------------------------------
Tests run: 1, Failures: 0, Errors: 1, Skipped: 0, Time elapsed: 7.769 s <<< FAILURE! - in com.example.swagger3.Swagger3ApplicationTests
contextLoads  Time elapsed: 0.033 s  <<< ERROR!
java.lang.IllegalStateException: Failed to load ApplicationContext
Caused by: org.springframework.beans.factory.UnsatisfiedDependencyException: Error creating bean with name 'swaggerController': Unsatisfied dependency expressed through field 'swagService'; nested exception is org.springframework.beans.factory.UnsatisfiedDependencyException: Error creating bean with name 'swaggerServiceImpl': Unsatisfied dependency expressed through field 'loginSignupRepo'; nested exception is org.springframework.beans.factory.BeanCreationException: Error creating bean with name 'loginRegisterRepo' defined in com.example.swagger3.repository.LoginRegisterRepo defined in @EnableJpaRepositories declared on JpaRepositoriesRegistrar.EnableJpaRepositoriesConfiguration: Invocation of init method failed; nested exception is org.springframework.data.repository.query.QueryCreationException: Could not create query for public abstract boolean com.example.swagger3.repository.LoginRegisterRepo.emailExistance(java.lang.String)! Reason: Failed to create query for method public abstract boolean com.example.swagger3.repository.LoginRegisterRepo.emailExistance(java.lang.String)! No property existance found for type String! Traversed path: LoginRegister.email.; nested exception is java.lang.IllegalArgumentException: Failed to create query for method public abstract boolean com.example.swagger3.repository.LoginRegisterRepo.emailExistance(java.lang.String)! No property existance found for type String! Traversed path: LoginRegister.email.
Caused by: org.springframework.beans.factory.UnsatisfiedDependencyException: Error creating bean with name 'swaggerServiceImpl': Unsatisfied dependency expressed through field 'loginSignupRepo'; nested exception is org.springframework.beans.factory.BeanCreationException: Error creating bean with name 'loginRegisterRepo' defined in com.example.swagger3.repository.LoginRegisterRepo defined in @EnableJpaRepositories declared on JpaRepositoriesRegistrar.EnableJpaRepositoriesConfiguration: Invocation of init method failed; nested exception is org.springframework.data.repository.query.QueryCreationException: Could not create query for public abstract boolean com.example.swagger3.repository.LoginRegisterRepo.emailExistance(java.lang.String)! Reason: Failed to create query for method public abstract boolean com.example.swagger3.repository.LoginRegisterRepo.emailExistance(java.lang.String)! No property existance found for type String! Traversed path: LoginRegister.email.; nested exception is java.lang.IllegalArgumentException: Failed to create query for method public abstract boolean com.example.swagger3.repository.LoginRegisterRepo.emailExistance(java.lang.String)! No property existance found for type String! Traversed path: LoginRegister.email.
Caused by: org.springframework.beans.factory.BeanCreationException: Error creating bean with name 'loginRegisterRepo' defined in com.example.swagger3.repository.LoginRegisterRepo defined in @EnableJpaRepositories declared on JpaRepositoriesRegistrar.EnableJpaRepositoriesConfiguration: Invocation of init method failed; nested exception is org.springframework.data.repository.query.QueryCreationException: Could not create query for public abstract boolean com.example.swagger3.repository.LoginRegisterRepo.emailExistance(java.lang.String)! Reason: Failed to create query for method public abstract boolean com.example.swagger3.repository.LoginRegisterRepo.emailExistance(java.lang.String)! No property existance found for type String! Traversed path: LoginRegister.email.; nested exception is java.lang.IllegalArgumentException: Failed to create query for method public abstract boolean com.example.swagger3.repository.LoginRegisterRepo.emailExistance(java.lang.String)! No property existance found for type String! Traversed path: LoginRegister.email.
Caused by: org.springframework.data.repository.query.QueryCreationException: Could not create query for public abstract boolean com.example.swagger3.repository.LoginRegisterRepo.emailExistance(java.lang.String)! Reason: Failed to create query for method public abstract boolean com.example.swagger3.repository.LoginRegisterRepo.emailExistance(java.lang.String)! No property existance found for type String! Traversed path: LoginRegister.email.; nested exception is java.lang.IllegalArgumentException: Failed to create query for method public abstract boolean com.example.swagger3.repository.LoginRegisterRepo.emailExistance(java.lang.String)! No property existance found for type String! Traversed path: LoginRegister.email.
Caused by: java.lang.IllegalArgumentException: Failed to create query for method public abstract boolean com.example.swagger3.repository.LoginRegisterRepo.emailExistance(java.lang.String)! No property existance found for type String! Traversed path: LoginRegister.email.
Caused by: org.springframework.data.mapping.PropertyReferenceException: No property existance found for type String! Traversed path: LoginRegister.email.

